2025-06-19 11:35:20.702 [main] INFO  MainApp.class - 配置文件加载完成
2025-06-19 11:35:20.718 [main] INFO  YamlConfigLoader.class - 配置热重载：false
2025-06-19 11:35:20.829 [main] ERROR DataUpService.class - PLC连接失败
com.github.s7connector.exception.S7Exception: constructor
	at com.github.s7connector.impl.S7TCPConnection.setupSocket(S7TCPConnection.java:120)
	at com.github.s7connector.impl.S7TCPConnection.<init>(S7TCPConnection.java:83)
	at com.github.s7connector.api.factory.S7ConnectorFactory$TCPConnectionBuilder.build(S7ConnectorFactory.java:43)
	at plc.com.github.edgeLogger.S7Client.buildS7ConnectorSession(S7Client.java:48)
	at service.com.github.edgeLogger.DataUpService.connectPLC(DataUpService.java:71)
	at service.com.github.edgeLogger.DataUpService.<init>(DataUpService.java:42)
	at com.github.edgeLogger.MainApp.main(MainApp.java:22)
Caused by: java.lang.IllegalArgumentException: hostname can't be null
	at java.base/java.net.InetSocketAddress.checkHost(InetSocketAddress.java:159)
	at java.base/java.net.InetSocketAddress.<init>(InetSocketAddress.java:226)
	at com.github.s7connector.impl.S7TCPConnection.setupSocket(S7TCPConnection.java:108)
	... 6 common frames omitted
2025-06-19 14:01:00.061 [main] INFO  MainApp.class - 配置文件加载完成
2025-06-19 14:01:01.030 [main] INFO  YamlConfigLoader.class - 配置热重载：false
2025-06-19 14:01:43.960 [main] ERROR DataUpService.class - PLC连接成功
2025-06-19 14:01:43.962 [main] INFO  DataUpService.class - PLC连接会话初始化完成
2025-06-19 14:01:57.660 [main] INFO  MainApp.class - 配置文件加载完成
2025-06-19 14:03:45.486 [main] ERROR DataUpService.class - PLC连接成功
2025-06-19 14:03:45.486 [main] INFO  DataUpService.class - PLC连接会话初始化完成
2025-06-19 14:04:17.200 [main] INFO  MainApp.class - 配置文件加载完成
2025-06-19 14:05:39.644 [main] ERROR DataUpService.class - PLC连接成功
2025-06-19 14:05:39.645 [main] INFO  DataUpService.class - PLC连接会话初始化完成
2025-06-19 14:06:06.981 [main] INFO  MainApp.class - 配置文件加载完成
2025-06-19 14:07:18.151 [main] ERROR DataUpService.class - PLC连接成功
2025-06-19 14:07:18.152 [main] INFO  DataUpService.class - PLC连接会话初始化完成
2025-06-19 14:08:41.173 [main] INFO  MainApp.class - 配置文件加载完成
2025-06-19 14:09:39.966 [main] ERROR DataUpService.class - PLC连接成功
2025-06-19 14:09:39.967 [main] INFO  DataUpService.class - PLC连接会话初始化完成
2025-06-19 14:11:20.942 [main] INFO  MainApp.class - 配置文件加载完成
2025-06-19 14:15:27.796 [main] ERROR DataUpService.class - PLC连接成功
2025-06-19 14:15:27.797 [main] INFO  DataUpService.class - PLC连接会话初始化完成
2025-06-19 14:16:15.292 [main] INFO  MainApp.class - 配置文件加载完成
2025-06-19 14:24:33.102 [main] ERROR DataUpService.class - PLC连接成功
2025-06-19 14:24:33.104 [main] INFO  DataUpService.class - PLC连接会话初始化完成
2025-06-19 14:24:39.205 [main] INFO  MainApp.class - 配置文件加载完成
2025-06-19 14:24:43.659 [main] INFO  DataUpService.class - PLC连接会话模式：短连接模式
2025-06-19 14:26:19.940 [main] INFO  MainApp.class - 配置文件加载完成
2025-06-19 14:26:26.683 [main] INFO  DataUpService.class - PLC连接会话模式：短连接模式
2025-06-19 14:26:55.562 [main] INFO  MainApp.class - 配置文件加载完成
2025-06-19 14:26:58.207 [main] INFO  DataUpService.class - PLC连接会话模式：短连接模式
2025-06-19 14:36:12.710 [main] INFO  MainApp.class - 配置文件加载完成
2025-06-19 14:36:12.884 [main] INFO  DataUpService.class - PLC连接会话模式：短连接模式
2025-06-19 14:39:36.351 [main] INFO  DataUpService.class - MQTT连接会话初始化完成
2025-06-19 14:39:39.052 [main] INFO  MainApp.class - 配置文件加载完成
2025-06-19 14:39:39.165 [main] INFO  DataUpService.class - PLC连接会话模式：短连接模式
2025-06-19 14:39:46.679 [main] INFO  DataUpService.class - MQTT连接会话初始化完成
2025-06-19 14:39:46.680 [main] INFO  MainApp.class - 数据上行服务初始化完成
2025-06-19 14:54:06.914 [main] INFO  PlcReader.class - 开始轮询PLC
2025-06-19 14:54:06.918 [Thread-1] ERROR PlcReader.class - 数据采集异常：
java.lang.NullPointerException: Cannot invoke "config.com.github.edgeLogger.PlcConfig.getRegisterConfigs()" because "this.plcConfig" is null
	at com.byd.edgeGateway.plc.PlcReader.lambda$startPolling$1(PlcReader.java:89)
	at java.base/java.lang.Thread.run(Thread.java:1583)
2025-06-19 14:54:06.920 [main] INFO  MainApp.class - 数据上行服务已启动
2025-06-19 14:54:07.023 [Thread-3] INFO  DataUpService.class - 安全断开钩子已启动
